                      :-) GROMACS - gmx mdrun, 2023.2 (-:

Copyright 1991-2023 The GROMACS Authors.
GROMACS is free software; you can redistribute it and/or modify it
under the terms of the GNU Lesser General Public License
as published by the Free Software Foundation; either version 2.1
of the License, or (at your option) any later version.

                         Current GROMACS contributors:
       Mark Abraham           Andrey Alekseenko           Cathrine Bergh      
      Christian Blau            Eliane Briand             Mahesh Doijade      
    Stefan Fleischmann           Vytas Gapsys              Gaurav Garg        
      Sergey Gorelov         Gilles Gouaillardet            Alan Gray         
     M. Eric Irrgang         Farzaneh Jalalypour            Joe Jordan        
    Christoph Junghans        Prashanth Kanduri          Sebastian Keller     
     Carsten Kutzner           Justin A. Lemkul          Magnus Lundborg      
       Pascal Merz              Vedran Miletic            Dmitry Morozov      
       Szilard Pall             Roland Schulz             Michael Shirts      
     Alexey Shvetsov            Balint Soproni         David van der Spoel    
      Philip Turner             Carsten Uphoff           Alessandra Villa     
 Sebastian Wingbermuehle        Artem Zhmurov       

                         Previous GROMACS contributors:
        Emile Apol             Rossen Apostolov           James Barnett       
  Herman J.C. Berendsen          Par Bjelkmar           Viacheslav Bolnykh    
        Kevin Boyd            Aldert van Buuren          Carlo Camilloni      
     Rudi van Drunen            Anton Feenstra           Oliver Fleetwood     
     Gerrit Groenhof            Bert de Groot             Anca Hamuraru       
    Vincent Hindriksen          Victor Holanda           Aleksei Iupinov      
   Dimitrios Karkoulis           Peter Kasson             Sebastian Kehl      
        Jiri Kraus               Per Larsson              Viveca Lindahl      
      Erik Marklund           Pieter Meulenhoff           Teemu Murtola       
       Sander Pronk             Alfons Sijbers            Peter Tieleman      
       Jon Vincent             Teemu Virolainen         Christian Wennberg    
       Maarten Wolf       

                  Coordinated by the GROMACS project leaders:
                    Paul Bauer, Berk Hess, and Erik Lindahl

GROMACS:      gmx mdrun, version 2023.2
Executable:   /usr/local/gromacs/bin/gmx
Data prefix:  /usr/local/gromacs
Working dir:  /home/wael/Wael/Simulations/Molecular Dynamics
Process ID:   61986
Command line:
  gmx mdrun -v -deffnm NPT

GROMACS version:    2023.2
Precision:          mixed
Memory model:       64 bit
MPI library:        thread_mpi
OpenMP support:     enabled (GMX_OPENMP_MAX_THREADS = 128)
GPU support:        CUDA
NB cluster size:    8
SIMD instructions:  NONE
CPU FFT library:    fftw-3.3.8-sse2-avx
GPU FFT library:    cuFFT
Multi-GPU FFT:      none
RDTSCP usage:       enabled
TNG support:        enabled
Hwloc support:      disabled
Tracing support:    disabled
C compiler:         /usr/bin/cc GNU 11.4.0
C compiler flags:   -fexcess-precision=fast -funroll-all-loops -Wno-missing-field-initializers -O3 -DNDEBUG
C++ compiler:       /usr/bin/c++ GNU 11.4.0
C++ compiler flags: -fexcess-precision=fast -funroll-all-loops -Wno-missing-field-initializers -Wno-cast-function-type-strict -fopenmp -O3 -DNDEBUG
BLAS library:       
LAPACK library:     
CUDA compiler:      /usr/local/cuda-12.2/bin/nvcc nvcc: NVIDIA (R) Cuda compiler driver;Copyright (c) 2005-2023 NVIDIA Corporation;Built on Tue_Jul_11_02:20:44_PDT_2023;Cuda compilation tools, release 12.2, V12.2.128;Build cuda_12.2.r12.2/compiler.33053471_0
CUDA compiler flags:-std=c++17;--generate-code=arch=compute_50,code=sm_50;--generate-code=arch=compute_52,code=sm_52;--generate-code=arch=compute_60,code=sm_60;--generate-code=arch=compute_61,code=sm_61;--generate-code=arch=compute_70,code=sm_70;--generate-code=arch=compute_75,code=sm_75;--generate-code=arch=compute_80,code=sm_80;--generate-code=arch=compute_86,code=sm_86;--generate-code=arch=compute_89,code=sm_89;--generate-code=arch=compute_90,code=sm_90;-Wno-deprecated-gpu-targets;--generate-code=arch=compute_53,code=sm_53;--generate-code=arch=compute_80,code=sm_80;-use_fast_math;-Xptxas;-warn-double-usage;-Xptxas;-Werror;-D_FORCE_INLINES;-fexcess-precision=fast -funroll-all-loops -Wno-missing-field-initializers -Wno-cast-function-type-strict -fopenmp -O3 -DNDEBUG
CUDA driver:        12.20
CUDA runtime:       12.20


Running on 1 node with total 4 cores, 8 processing units (GPU detection failed)
Hardware detected on host wael-Inspiron-15-7000-Gaming:
  CPU info:
    Vendor: Intel
    Brand:  Intel(R) Core(TM) i7-7700HQ CPU @ 2.80GHz
    Family: 6   Model: 158   Stepping: 9
    Features: aes apic avx avx2 clfsh cmov cx8 cx16 f16c fma htt intel lahf mmx msr nonstop_tsc pcid pclmuldq pdcm pdpe1gb popcnt pse rdrnd rdtscp sse2 sse3 sse4.1 sse4.2 ssse3 tdt x2apic
  Hardware topology: Basic
    Packages, cores, and logical processors:
    [indices refer to OS logical processors]
      Package  0: [   0   4] [   1   5] [   2   6] [   3   7]
    CPU limit set by OS: -1   Recommended max number of threads: 8

Likely fastest SIMD instructions supported by all nodes: AVX2_256
SIMD instructions selected at compile time:              None


++++ PLEASE READ AND CITE THE FOLLOWING REFERENCE ++++
M. J. Abraham, T. Murtola, R. Schulz, S. Páll, J. C. Smith, B. Hess, E.
Lindahl
GROMACS: High performance molecular simulations through multi-level
parallelism from laptops to supercomputers
SoftwareX 1 (2015) pp. 19-25
-------- -------- --- Thank You --- -------- --------


++++ PLEASE READ AND CITE THE FOLLOWING REFERENCE ++++
S. Páll, M. J. Abraham, C. Kutzner, B. Hess, E. Lindahl
Tackling Exascale Software Challenges in Molecular Dynamics Simulations with
GROMACS
In S. Markidis & E. Laure (Eds.), Solving Software Challenges for Exascale 8759 (2015) pp. 3-27
-------- -------- --- Thank You --- -------- --------


++++ PLEASE READ AND CITE THE FOLLOWING REFERENCE ++++
S. Pronk, S. Páll, R. Schulz, P. Larsson, P. Bjelkmar, R. Apostolov, M. R.
Shirts, J. C. Smith, P. M. Kasson, D. van der Spoel, B. Hess, and E. Lindahl
GROMACS 4.5: a high-throughput and highly parallel open source molecular
simulation toolkit
Bioinformatics 29 (2013) pp. 845-54
-------- -------- --- Thank You --- -------- --------


++++ PLEASE READ AND CITE THE FOLLOWING REFERENCE ++++
B. Hess and C. Kutzner and D. van der Spoel and E. Lindahl
GROMACS 4: Algorithms for highly efficient, load-balanced, and scalable
molecular simulation
J. Chem. Theory Comput. 4 (2008) pp. 435-447
-------- -------- --- Thank You --- -------- --------


++++ PLEASE READ AND CITE THE FOLLOWING REFERENCE ++++
D. van der Spoel, E. Lindahl, B. Hess, G. Groenhof, A. E. Mark and H. J. C.
Berendsen
GROMACS: Fast, Flexible and Free
J. Comp. Chem. 26 (2005) pp. 1701-1719
-------- -------- --- Thank You --- -------- --------


++++ PLEASE READ AND CITE THE FOLLOWING REFERENCE ++++
E. Lindahl and B. Hess and D. van der Spoel
GROMACS 3.0: A package for molecular simulation and trajectory analysis
J. Mol. Mod. 7 (2001) pp. 306-317
-------- -------- --- Thank You --- -------- --------


++++ PLEASE READ AND CITE THE FOLLOWING REFERENCE ++++
H. J. C. Berendsen, D. van der Spoel and R. van Drunen
GROMACS: A message-passing parallel molecular dynamics implementation
Comp. Phys. Comm. 91 (1995) pp. 43-56
-------- -------- --- Thank You --- -------- --------


++++ PLEASE CITE THE DOI FOR THIS VERSION OF GROMACS ++++
https://doi.org/10.5281/zenodo.8134397
-------- -------- --- Thank You --- -------- --------

Input Parameters:
   integrator                     = md
   tinit                          = 0
   dt                             = 0.002
   nsteps                         = 5000
   init-step                      = 0
   simulation-part                = 1
   mts                            = false
   comm-mode                      = Linear
   nstcomm                        = 100
   bd-fric                        = 0
   ld-seed                        = -42139748
   emtol                          = 10
   emstep                         = 0.01
   niter                          = 20
   fcstep                         = 0
   nstcgsteep                     = 1000
   nbfgscorr                      = 10
   rtpi                           = 0.05
   nstxout                        = 0
   nstvout                        = 0
   nstfout                        = 0
   nstlog                         = 500
   nstcalcenergy                  = 100
   nstenergy                      = 500
   nstxout-compressed             = 500
   compressed-x-precision         = 1000
   cutoff-scheme                  = Verlet
   nstlist                        = 20
   pbc                            = xyz
   periodic-molecules             = false
   verlet-buffer-tolerance        = 0.005
   rlist                          = 1.22
   coulombtype                    = PME
   coulomb-modifier               = Potential-shift
   rcoulomb-switch                = 0
   rcoulomb                       = 1.2
   epsilon-r                      = 1
   epsilon-rf                     = inf
   vdw-type                       = Cut-off
   vdw-modifier                   = Force-switch
   rvdw-switch                    = 1
   rvdw                           = 1.2
   DispCorr                       = No
   table-extension                = 1
   fourierspacing                 = 0.16
   fourier-nx                     = 60
   fourier-ny                     = 48
   fourier-nz                     = 64
   pme-order                      = 4
   ewald-rtol                     = 1e-05
   ewald-rtol-lj                  = 0.001
   lj-pme-comb-rule               = Geometric
   ewald-geometry                 = 3d
   epsilon-surface                = 0
   ensemble-temperature-setting   = constant
   ensemble-temperature           = 300
   tcoupl                         = V-rescale
   nsttcouple                     = 10
   nh-chain-length                = 0
   print-nose-hoover-chain-variables = false
   pcoupl                         = Berendsen
   pcoupltype                     = Isotropic
   nstpcouple                     = 100
   tau-p                          = 2
   compressibility (3x3):
      compressibility[    0]={ 4.50000e-05,  0.00000e+00,  0.00000e+00}
      compressibility[    1]={ 0.00000e+00,  4.50000e-05,  0.00000e+00}
      compressibility[    2]={ 0.00000e+00,  0.00000e+00,  4.50000e-05}
   ref-p (3x3):
      ref-p[    0]={ 1.00000e+00,  0.00000e+00,  0.00000e+00}
      ref-p[    1]={ 0.00000e+00,  1.00000e+00,  0.00000e+00}
      ref-p[    2]={ 0.00000e+00,  0.00000e+00,  1.00000e+00}
   refcoord-scaling               = COM
   posres-com (3):
      posres-com[0]= 4.99882e-01
      posres-com[1]= 4.98631e-01
      posres-com[2]= 4.99493e-01
   posres-comB (3):
      posres-comB[0]= 4.99882e-01
      posres-comB[1]= 4.98631e-01
      posres-comB[2]= 4.99493e-01
   QMMM                           = false
qm-opts:
   ngQM                           = 0
   constraint-algorithm           = Lincs
   continuation                   = true
   Shake-SOR                      = false
   shake-tol                      = 0.0001
   lincs-order                    = 4
   lincs-iter                     = 1
   lincs-warnangle                = 30
   nwall                          = 0
   wall-type                      = 9-3
   wall-r-linpot                  = -1
   wall-atomtype[0]               = -1
   wall-atomtype[1]               = -1
   wall-density[0]                = 0
   wall-density[1]                = 0
   wall-ewald-zfac                = 3
   pull                           = false
   awh                            = false
   rotation                       = false
   interactiveMD                  = false
   disre                          = No
   disre-weighting                = Conservative
   disre-mixed                    = false
   dr-fc                          = 1000
   dr-tau                         = 0
   nstdisreout                    = 100
   orire-fc                       = 0
   orire-tau                      = 0
   nstorireout                    = 100
   free-energy                    = no
   cos-acceleration               = 0
   deform (3x3):
      deform[    0]={ 0.00000e+00,  0.00000e+00,  0.00000e+00}
      deform[    1]={ 0.00000e+00,  0.00000e+00,  0.00000e+00}
      deform[    2]={ 0.00000e+00,  0.00000e+00,  0.00000e+00}
   simulated-tempering            = false
   swapcoords                     = no
   userint1                       = 0
   userint2                       = 0
   userint3                       = 0
   userint4                       = 0
   userreal1                      = 0
   userreal2                      = 0
   userreal3                      = 0
   userreal4                      = 0
   applied-forces:
     electric-field:
       x:
         E0                       = 0
         omega                    = 0
         t0                       = 0
         sigma                    = 0
       y:
         E0                       = 0
         omega                    = 0
         t0                       = 0
         sigma                    = 0
       z:
         E0                       = 0
         omega                    = 0
         t0                       = 0
         sigma                    = 0
     density-guided-simulation:
       active                     = false
       group                      = protein
       similarity-measure         = inner-product
       atom-spreading-weight      = unity
       force-constant             = 1e+09
       gaussian-transform-spreading-width = 0.2
       gaussian-transform-spreading-range-in-multiples-of-width = 4
       reference-density-filename = reference.mrc
       nst                        = 1
       normalize-densities        = true
       adaptive-force-scaling     = false
       adaptive-force-scaling-time-constant = 4
       shift-vector               = 
       transformation-matrix      = 
     qmmm-cp2k:
       active                     = false
       qmgroup                    = System
       qmmethod                   = PBE
       qmfilenames                = 
       qmcharge                   = 0
       qmmultiplicity             = 1
grpopts:
   nrdf:     17262.6      125997
   ref-t:         300         300
   tau-t:         0.1         0.1
annealing:          No          No
annealing-npoints:           0           0
   acc:	           0           0           0
   nfreeze:           N           N           N
   energygrp-flags[  0]: 0

Changing nstlist from 20 to 80, rlist from 1.22 to 1.315

Update groups can not be used for this system because atoms that are (in)directly constrained together are interdispersed with other atoms

Initializing Domain Decomposition on 1 ranks
Dynamic load balancing: auto
Minimum cell size due to atom displacement: 0.649 nm
Initial maximum distances in bonded interactions:
    two-body bonded interactions: 0.448 nm, LJ-14, atoms 1179 2280
  multi-body bonded interactions: 0.500 nm, CMAP Dih., atoms 1658 1674
Minimum cell size due to bonded interactions: 0.550 nm
Maximum distance for 5 constraints, at 120 deg. angles, all-trans: 0.222 nm
Estimated maximum distance required for P-LINCS: 0.222 nm
Using 0 separate PME ranks because: there are too few total ranks for efficient splitting
Optimizing the DD grid for 1 cells with a minimum initial size of 0.649 nm
The maximum allowed number of cells is: X 14 Y 11 Z 15
Domain decomposition grid 1 x 1 x 1, separate PME ranks 0
PME domain decomposition: 1 x 1 x 1

The initial number of communication pulses is:
The initial domain decomposition cell size is:

The maximum allowed distance for atoms involved in interactions is:
                 non-bonded interactions           1.315 nm
(the following are initial values, they could change due to box deformation)
            two-body bonded interactions  (-rdd)   1.315 nm
          multi-body bonded interactions  (-rdd)   1.315 nm
  atoms separated by up to 5 constraints  (-rcon)  7.566 nm

When dynamic load balancing gets turned on, these settings will change to:
The maximum number of communication pulses is:
The minimum size for domain decomposition cells is 1.315 nm
The requested allowed shrink of DD cells (option -dds) is: 0.80
The allowed shrink of domain decomposition cells is:
The maximum allowed distance for atoms involved in interactions is:
                 non-bonded interactions           1.315 nm
            two-body bonded interactions  (-rdd)   1.315 nm
          multi-body bonded interactions  (-rdd)   1.315 nm
  atoms separated by up to 5 constraints  (-rcon)  1.315 nm

Using 1 MPI thread
Using 8 OpenMP threads 

System total charge: 0.000
Will do PME sum in reciprocal space for electrostatic interactions.

++++ PLEASE READ AND CITE THE FOLLOWING REFERENCE ++++
U. Essmann, L. Perera, M. L. Berkowitz, T. Darden, H. Lee and L. G. Pedersen 
A smooth particle mesh Ewald method
J. Chem. Phys. 103 (1995) pp. 8577-8592
-------- -------- --- Thank You --- -------- --------

Using a Gaussian width (1/beta) of 0.384195 nm for Ewald
Potential shift: LJ r^-12: -2.648e-01 r^-6: -5.349e-01, Ewald -8.333e-06
Initialized non-bonded Coulomb Ewald tables, spacing: 1.02e-03 size: 1176

Generated table with 1157 data points for 1-4 COUL.
Tabscale = 500 points/nm
Generated table with 1157 data points for 1-4 LJ6.
Tabscale = 500 points/nm
Generated table with 1157 data points for 1-4 LJ12.
Tabscale = 500 points/nm


Using plain C 4x4 nonbonded short-range kernels

WARNING: Using the slow plain C kernels. This should
not happen during routine usage on common platforms.

Using a dual 4x4 pair-list setup updated with dynamic pruning:
  outer list: updated every 80 steps, buffer 0.115 nm, rlist 1.315 nm
  inner list: updated every 14 steps, buffer 0.002 nm, rlist 1.202 nm
At tolerance 0.005 kJ/mol/ps per atom, equivalent classical 1x1 list would be:
  outer list: updated every 80 steps, buffer 0.260 nm, rlist 1.460 nm
  inner list: updated every 14 steps, buffer 0.056 nm, rlist 1.256 nm

Linking all bonded interactions to atoms


Pinning threads with an auto-selected logical cpu stride of 1

Initializing Parallel LINear Constraint Solver

++++ PLEASE READ AND CITE THE FOLLOWING REFERENCE ++++
B. Hess
P-LINCS: A Parallel Linear Constraint Solver for molecular simulation
J. Chem. Theory Comput. 4 (2008) pp. 116-122
-------- -------- --- Thank You --- -------- --------

The number of constraints is 3521
There are constraints between atoms in different decomposition domains,
will communicate selected coordinates each lincs iteration

++++ PLEASE READ AND CITE THE FOLLOWING REFERENCE ++++
S. Miyamoto and P. A. Kollman
SETTLE: An Analytical Version of the SHAKE and RATTLE Algorithms for Rigid
Water Models
J. Comp. Chem. 13 (1992) pp. 952-962
-------- -------- --- Thank You --- -------- --------


++++ PLEASE READ AND CITE THE FOLLOWING REFERENCE ++++
G. Bussi, D. Donadio and M. Parrinello
Canonical sampling through velocity rescaling
J. Chem. Phys. 126 (2007) pp. 014101
-------- -------- --- Thank You --- -------- --------

There are: 69875 Atoms
Atom distribution over 1 domains: av 69875 stddev 0 min 69875 max 69875
Center of mass motion removal mode is Linear
We have the following groups for center of mass motion removal:
  0:  rest

Started mdrun on rank 0 Sat Aug 26 06:07:45 2023

           Step           Time
              0        0.00000

   Energies (kJ/mol)
           Bond          Angle            U-B    Proper Dih.  Improper Dih.
    5.80131e+03    1.36780e+02    1.59771e+04    9.22951e+03    9.15259e+02
      CMAP Dih.          LJ-14     Coulomb-14        LJ (SR)   Coulomb (SR)
   -2.10098e+03    5.84614e+03    6.28611e+04    1.14225e+05   -1.11963e+06
   Coul. recip. Position Rest.      Potential    Kinetic En.   Total Energy
    3.83474e+03    5.43617e-07   -9.02906e+05    1.78459e+05   -7.24447e+05
  Conserved En.    Temperature Pressure (bar)   Constr. rmsd
   -7.24233e+05    2.99647e+02   -3.51902e+02    3.08508e-06

           Step           Time
            500        1.00000

   Energies (kJ/mol)
           Bond          Angle            U-B    Proper Dih.  Improper Dih.
    5.93524e+03    1.22721e+02    1.56085e+04    9.06012e+03    9.13111e+02
      CMAP Dih.          LJ-14     Coulomb-14        LJ (SR)   Coulomb (SR)
   -2.10868e+03    5.66573e+03    6.23852e+04    1.17324e+05   -1.12696e+06
   Coul. recip. Position Rest.      Potential    Kinetic En.   Total Energy
    3.67312e+03    1.47514e+03   -9.06911e+05    1.78350e+05   -7.28561e+05
  Conserved En.    Temperature Pressure (bar)   Constr. rmsd
   -7.24761e+05    2.99464e+02   -3.29844e+02    3.23234e-06

           Step           Time
           1000        2.00000

   Energies (kJ/mol)
           Bond          Angle            U-B    Proper Dih.  Improper Dih.
    5.72972e+03    1.22915e+02    1.59037e+04    9.04622e+03    9.54817e+02
      CMAP Dih.          LJ-14     Coulomb-14        LJ (SR)   Coulomb (SR)
   -2.12870e+03    5.70068e+03    6.28943e+04    1.18887e+05   -1.12859e+06
   Coul. recip. Position Rest.      Potential    Kinetic En.   Total Energy
    3.61074e+03    1.55102e+03   -9.06321e+05    1.79061e+05   -7.27260e+05
  Conserved En.    Temperature Pressure (bar)   Constr. rmsd
   -7.24848e+05    3.00657e+02   -7.16546e+01    3.14525e-06

           Step           Time
           1500        3.00000

   Energies (kJ/mol)
           Bond          Angle            U-B    Proper Dih.  Improper Dih.
    5.53127e+03    1.22957e+02    1.57496e+04    9.08343e+03    8.50315e+02
      CMAP Dih.          LJ-14     Coulomb-14        LJ (SR)   Coulomb (SR)
   -2.13643e+03    5.89357e+03    6.27584e+04    1.18106e+05   -1.13020e+06
   Coul. recip. Position Rest.      Potential    Kinetic En.   Total Energy
    3.66007e+03    1.51460e+03   -9.09070e+05    1.78596e+05   -7.30474e+05
  Conserved En.    Temperature Pressure (bar)   Constr. rmsd
   -7.24861e+05    2.99876e+02   -1.20974e+01    3.02284e-06

           Step           Time
           2000        4.00000

   Energies (kJ/mol)
           Bond          Angle            U-B    Proper Dih.  Improper Dih.
    5.49330e+03    1.36091e+02    1.54452e+04    9.13198e+03    8.94890e+02
      CMAP Dih.          LJ-14     Coulomb-14        LJ (SR)   Coulomb (SR)
   -2.02684e+03    5.86870e+03    6.30285e+04    1.16964e+05   -1.13014e+06
   Coul. recip. Position Rest.      Potential    Kinetic En.   Total Energy
    3.67982e+03    1.52112e+03   -9.09998e+05    1.79244e+05   -7.30754e+05
  Conserved En.    Temperature Pressure (bar)   Constr. rmsd
   -7.24724e+05    3.00965e+02   -1.81082e+02    3.09492e-06

           Step           Time
           2500        5.00000

   Energies (kJ/mol)
           Bond          Angle            U-B    Proper Dih.  Improper Dih.
    5.64873e+03    1.18343e+02    1.57745e+04    9.10347e+03    8.00857e+02
      CMAP Dih.          LJ-14     Coulomb-14        LJ (SR)   Coulomb (SR)
   -2.06536e+03    5.74272e+03    6.27060e+04    1.16852e+05   -1.12790e+06
   Coul. recip. Position Rest.      Potential    Kinetic En.   Total Energy
    3.61763e+03    1.63510e+03   -9.07963e+05    1.78436e+05   -7.29527e+05
  Conserved En.    Temperature Pressure (bar)   Constr. rmsd
   -7.24661e+05    2.99608e+02   -2.62128e+02    3.04679e-06

           Step           Time
           3000        6.00000

   Energies (kJ/mol)
           Bond          Angle            U-B    Proper Dih.  Improper Dih.
    5.61733e+03    1.45847e+02    1.53820e+04    9.29742e+03    9.20065e+02
      CMAP Dih.          LJ-14     Coulomb-14        LJ (SR)   Coulomb (SR)
   -2.08454e+03    5.66879e+03    6.28991e+04    1.16676e+05   -1.13107e+06
   Coul. recip. Position Rest.      Potential    Kinetic En.   Total Energy
    3.48032e+03    1.57084e+03   -9.11501e+05    1.77993e+05   -7.33508e+05
  Conserved En.    Temperature Pressure (bar)   Constr. rmsd
   -7.24640e+05    2.98864e+02   -2.02979e+02    3.06054e-06

           Step           Time
           3500        7.00000

   Energies (kJ/mol)
           Bond          Angle            U-B    Proper Dih.  Improper Dih.
    5.58996e+03    1.61946e+02    1.55999e+04    9.25547e+03    9.29605e+02
      CMAP Dih.          LJ-14     Coulomb-14        LJ (SR)   Coulomb (SR)
   -2.11808e+03    5.75557e+03    6.26635e+04    1.17442e+05   -1.13130e+06
   Coul. recip. Position Rest.      Potential    Kinetic En.   Total Energy
    3.62343e+03    1.64301e+03   -9.10758e+05    1.79468e+05   -7.31289e+05
  Conserved En.    Temperature Pressure (bar)   Constr. rmsd
   -7.24755e+05    3.01341e+02    1.20396e+01    2.96982e-06

           Step           Time
           4000        8.00000

   Energies (kJ/mol)
           Bond          Angle            U-B    Proper Dih.  Improper Dih.
    5.79271e+03    1.25835e+02    1.57367e+04    9.21105e+03    8.97858e+02
      CMAP Dih.          LJ-14     Coulomb-14        LJ (SR)   Coulomb (SR)
   -2.04432e+03    5.77388e+03    6.26111e+04    1.19319e+05   -1.13312e+06
   Coul. recip. Position Rest.      Potential    Kinetic En.   Total Energy
    3.55872e+03    1.57771e+03   -9.10559e+05    1.79862e+05   -7.30697e+05
  Conserved En.    Temperature Pressure (bar)   Constr. rmsd
   -7.24695e+05    3.02002e+02    1.90907e+01    3.21177e-06

           Step           Time
           4500        9.00000

   Energies (kJ/mol)
           Bond          Angle            U-B    Proper Dih.  Improper Dih.
    5.53264e+03    1.60138e+02    1.61534e+04    9.19968e+03    8.94907e+02
      CMAP Dih.          LJ-14     Coulomb-14        LJ (SR)   Coulomb (SR)
   -2.10496e+03    5.80793e+03    6.27969e+04    1.18697e+05   -1.13269e+06
   Coul. recip. Position Rest.      Potential    Kinetic En.   Total Energy
    3.64554e+03    1.65706e+03   -9.10245e+05    1.79588e+05   -7.30657e+05
  Conserved En.    Temperature Pressure (bar)   Constr. rmsd
   -7.24747e+05    3.01543e+02    1.66919e+02    2.98655e-06

           Step           Time
           5000       10.00000

Writing checkpoint, step 5000 at Sat Aug 26 06:22:08 2023


   Energies (kJ/mol)
           Bond          Angle            U-B    Proper Dih.  Improper Dih.
    5.45216e+03    1.39705e+02    1.54138e+04    9.09877e+03    8.05082e+02
      CMAP Dih.          LJ-14     Coulomb-14        LJ (SR)   Coulomb (SR)
   -2.04982e+03    5.84770e+03    6.25991e+04    1.19021e+05   -1.13544e+06
   Coul. recip. Position Rest.      Potential    Kinetic En.   Total Energy
    3.59875e+03    1.54822e+03   -9.13962e+05    1.77896e+05   -7.36066e+05
  Conserved En.    Temperature Pressure (bar)   Constr. rmsd
   -7.24623e+05    2.98702e+02   -3.70495e+01    2.94572e-06


Energy conservation over simulation part #1 of length 10 ps, time 0 to 10 ps
  Conserved energy drift: -5.57e-04 kJ/mol/ps per atom


	<======  ###############  ==>
	<====  A V E R A G E S  ====>
	<==  ###############  ======>

	Statistics over 5001 steps using 51 frames

   Energies (kJ/mol)
           Bond          Angle            U-B    Proper Dih.  Improper Dih.
    5.67423e+03    1.34961e+02    1.56778e+04    9.14855e+03    8.92530e+02
      CMAP Dih.          LJ-14     Coulomb-14        LJ (SR)   Coulomb (SR)
   -2.08877e+03    5.78786e+03    6.27235e+04    1.17424e+05   -1.12981e+06
   Coul. recip. Position Rest.      Potential    Kinetic En.   Total Energy
    3.60393e+03    1.54484e+03   -9.09283e+05    1.78650e+05   -7.30634e+05
  Conserved En.    Temperature Pressure (bar)   Constr. rmsd
   -7.24713e+05    2.99967e+02   -1.26494e+02    0.00000e+00

          Box-X          Box-Y          Box-Z
    9.42184e+00    7.51008e+00    1.00283e+01

   Total Virial (kJ/mol)
    6.26574e+04   -4.26410e+02    2.38492e+02
   -4.26164e+02    6.18933e+04   -5.66261e+02
    2.39040e+02   -5.65965e+02    6.22768e+04

   Pressure (bar)
   -1.38469e+02    2.13517e+01   -1.11425e+01
    2.13402e+01   -1.06402e+02    2.74317e+01
   -1.11681e+01    2.74179e+01   -1.34610e+02

  T-Protein_LIGT-Water_and_ions
    2.99792e+02    2.99991e+02


	M E G A - F L O P S   A C C O U N T I N G

 NB=Group-cutoff nonbonded kernels    NxN=N-by-N cluster Verlet kernels
 RF=Reaction-Field  VdW=Van der Waals  QSTab=quadratic-spline table
 W3=SPC/TIP3p  W4=TIP4p (single or pairs)
 V&F=Potential and force  V=Potential only  F=Force only

 Computing:                               M-Number         M-Flops  % Flops
-----------------------------------------------------------------------------
 Pair Search distance check            2246.007154       20214.064     0.2
 NxN QSTab Elec. + LJ [F]            146705.834600     7775409.234    62.2
 NxN QSTab Elec. + LJ [V&F]            1511.392792      122422.816     1.0
 NxN LJ [F]                               5.804608         261.207     0.0
 NxN LJ [V&F]                             0.061632           4.006     0.0
 NxN QSTab Elec. [F]                 116529.641976     3962007.827    31.7
 NxN QSTab Elec. [V&F]                 1200.477944       49219.596     0.4
 1,4 nonbonded interactions              91.398276        8225.845     0.1
 Calc Weights                          1048.334625       37740.046     0.3
 Spread Q Bspline                     22364.472000       44728.944     0.4
 Gather F Bspline                     22364.472000      134186.832     1.1
 3D-FFT                               32247.428196      257979.426     2.1
 Solve PME                               14.402880         921.784     0.0
 Reset In Box                             4.332250          12.997     0.0
 CG-CoM                                   4.402125          13.206     0.0
 Bonds                                   17.423484        1027.986     0.0
 Angles                                   0.585117          98.300     0.0
 Propers                                 78.150627       17896.494     0.1
 Impropers                                5.331066        1108.862     0.0
 Pos. Restr.                             17.038407         851.920     0.0
 Virial                                   3.565920          64.187     0.0
 Stop-CM                                  3.563625          35.636     0.0
 P-Coupling                               3.563625          21.382     0.0
 Calc-Ekin                               70.014750        1890.398     0.0
 Lincs                                   17.608521        1056.511     0.0
 Lincs-Mat                               97.459488         389.838     0.0
 Constraint-V                           349.484883        3145.364     0.0
 Constraint-Vir                           3.384462          81.227     0.0
 Settle                                 104.755947       38759.700     0.3
 CMAP                                     2.105421        3579.216     0.0
 Urey-Bradley                            62.847567       11501.105     0.1
-----------------------------------------------------------------------------
 Total                                                12494855.956   100.0
-----------------------------------------------------------------------------


    D O M A I N   D E C O M P O S I T I O N   S T A T I S T I C S

 av. #atoms communicated per step for force:  2 x 0.0
 av. #atoms communicated per step for LINCS:  2 x 0.0


      R E A L   C Y C L E   A N D   T I M E   A C C O U N T I N G

On 1 MPI rank, each using 8 OpenMP threads

 Activity:              Num   Num      Call    Wall time         Giga-Cycles
                        Ranks Threads  Count      (s)         total sum    %
--------------------------------------------------------------------------------
 Domain decomp.            1    8         62       0.388          8.711   0.0
 Neighbor search           1    8         63       2.490         55.929   0.3
 Force                     1    8       5001     838.101      18826.804  97.1
 PME mesh                  1    8       5001      15.196        341.357   1.8
 NB X/F buffer ops.        1    8       9939       1.764         39.632   0.2
 Write traj.               1    8         11       0.700         15.734   0.1
 Update                    1    8       5001       1.238         27.819   0.1
 Constraints               1    8       5001       3.337         74.958   0.4
 Rest                                              0.213          4.785   0.0
--------------------------------------------------------------------------------
 Total                                           863.427      19395.730 100.0
--------------------------------------------------------------------------------
 Breakdown of PME mesh activities
--------------------------------------------------------------------------------
 PME spread                1    8       5001       7.472        167.842   0.9
 PME gather                1    8       5001       4.810        108.056   0.6
 PME 3D-FFT                1    8      10002       2.245         50.439   0.3
 PME solve Elec            1    8       5001       0.645         14.478   0.1
--------------------------------------------------------------------------------

               Core t (s)   Wall t (s)        (%)
       Time:     6907.419      863.427      800.0
                 (ns/day)    (hour/ns)
Performance:        1.001       23.979
Finished mdrun on rank 0 Sat Aug 26 06:22:08 2023

