                      :-) GROMACS - gmx mdrun, 2023.2 (-:

Copyright 1991-2023 The GROMACS Authors.
GROMACS is free software; you can redistribute it and/or modify it
under the terms of the GNU Lesser General Public License
as published by the Free Software Foundation; either version 2.1
of the License, or (at your option) any later version.

                         Current GROMACS contributors:
       Mark Abraham           Andrey Alekseenko           Cathrine Bergh      
      Christian Blau            Eliane Briand             Mahesh Doijade      
    Stefan Fleischmann           Vytas Gapsys              Gaurav Garg        
      Sergey Gorelov         Gilles Gouaillardet            Alan Gray         
     M. Eric Irrgang         Farzaneh Jalalypour            Joe Jordan        
    Christoph Junghans        Prashanth Kanduri          Sebastian Keller     
     Carsten Kutzner           Justin A. Lemkul          Magnus Lundborg      
       Pascal Merz              Vedran Miletic            Dmitry Morozov      
       Szilard Pall             Roland Schulz             Michael Shirts      
     Alexey Shvetsov            Balint Soproni         David van der Spoel    
      Philip Turner             Carsten Uphoff           Alessandra Villa     
 Sebastian Wingbermuehle        Artem Zhmurov       

                         Previous GROMACS contributors:
        Emile Apol             Rossen Apostolov           James Barnett       
  Herman J.C. Berendsen          Par Bjelkmar           Viacheslav Bolnykh    
        Kevin Boyd            Aldert van Buuren          Carlo Camilloni      
     Rudi van Drunen            Anton Feenstra           Oliver Fleetwood     
     Gerrit Groenhof            Bert de Groot             Anca Hamuraru       
    Vincent Hindriksen          Victor Holanda           Aleksei Iupinov      
   Dimitrios Karkoulis           Peter Kasson             Sebastian Kehl      
        Jiri Kraus               Per Larsson              Viveca Lindahl      
      Erik Marklund           Pieter Meulenhoff           Teemu Murtola       
       Sander Pronk             Alfons Sijbers            Peter Tieleman      
       Jon Vincent             Teemu Virolainen         Christian Wennberg    
       Maarten Wolf       

                  Coordinated by the GROMACS project leaders:
                    Paul Bauer, Berk Hess, and Erik Lindahl

GROMACS:      gmx mdrun, version 2023.2
Executable:   /usr/local/gromacs/bin/gmx
Data prefix:  /usr/local/gromacs
Working dir:  /home/wael/Wael/Simulations/Molecular Dynamics
Process ID:   59934
Command line:
  gmx mdrun -v -deffnm NVT

GROMACS version:    2023.2
Precision:          mixed
Memory model:       64 bit
MPI library:        thread_mpi
OpenMP support:     enabled (GMX_OPENMP_MAX_THREADS = 128)
GPU support:        CUDA
NB cluster size:    8
SIMD instructions:  NONE
CPU FFT library:    fftw-3.3.8-sse2-avx
GPU FFT library:    cuFFT
Multi-GPU FFT:      none
RDTSCP usage:       enabled
TNG support:        enabled
Hwloc support:      disabled
Tracing support:    disabled
C compiler:         /usr/bin/cc GNU 11.4.0
C compiler flags:   -fexcess-precision=fast -funroll-all-loops -Wno-missing-field-initializers -O3 -DNDEBUG
C++ compiler:       /usr/bin/c++ GNU 11.4.0
C++ compiler flags: -fexcess-precision=fast -funroll-all-loops -Wno-missing-field-initializers -Wno-cast-function-type-strict -fopenmp -O3 -DNDEBUG
BLAS library:       
LAPACK library:     
CUDA compiler:      /usr/local/cuda-12.2/bin/nvcc nvcc: NVIDIA (R) Cuda compiler driver;Copyright (c) 2005-2023 NVIDIA Corporation;Built on Tue_Jul_11_02:20:44_PDT_2023;Cuda compilation tools, release 12.2, V12.2.128;Build cuda_12.2.r12.2/compiler.33053471_0
CUDA compiler flags:-std=c++17;--generate-code=arch=compute_50,code=sm_50;--generate-code=arch=compute_52,code=sm_52;--generate-code=arch=compute_60,code=sm_60;--generate-code=arch=compute_61,code=sm_61;--generate-code=arch=compute_70,code=sm_70;--generate-code=arch=compute_75,code=sm_75;--generate-code=arch=compute_80,code=sm_80;--generate-code=arch=compute_86,code=sm_86;--generate-code=arch=compute_89,code=sm_89;--generate-code=arch=compute_90,code=sm_90;-Wno-deprecated-gpu-targets;--generate-code=arch=compute_53,code=sm_53;--generate-code=arch=compute_80,code=sm_80;-use_fast_math;-Xptxas;-warn-double-usage;-Xptxas;-Werror;-D_FORCE_INLINES;-fexcess-precision=fast -funroll-all-loops -Wno-missing-field-initializers -Wno-cast-function-type-strict -fopenmp -O3 -DNDEBUG
CUDA driver:        12.20
CUDA runtime:       12.20


Running on 1 node with total 4 cores, 8 processing units (GPU detection failed)
Hardware detected on host wael-Inspiron-15-7000-Gaming:
  CPU info:
    Vendor: Intel
    Brand:  Intel(R) Core(TM) i7-7700HQ CPU @ 2.80GHz
    Family: 6   Model: 158   Stepping: 9
    Features: aes apic avx avx2 clfsh cmov cx8 cx16 f16c fma htt intel lahf mmx msr nonstop_tsc pcid pclmuldq pdcm pdpe1gb popcnt pse rdrnd rdtscp sse2 sse3 sse4.1 sse4.2 ssse3 tdt x2apic
  Hardware topology: Basic
    Packages, cores, and logical processors:
    [indices refer to OS logical processors]
      Package  0: [   0   4] [   1   5] [   2   6] [   3   7]
    CPU limit set by OS: -1   Recommended max number of threads: 8

Likely fastest SIMD instructions supported by all nodes: AVX2_256
SIMD instructions selected at compile time:              None


++++ PLEASE READ AND CITE THE FOLLOWING REFERENCE ++++
M. J. Abraham, T. Murtola, R. Schulz, S. Páll, J. C. Smith, B. Hess, E.
Lindahl
GROMACS: High performance molecular simulations through multi-level
parallelism from laptops to supercomputers
SoftwareX 1 (2015) pp. 19-25
-------- -------- --- Thank You --- -------- --------


++++ PLEASE READ AND CITE THE FOLLOWING REFERENCE ++++
S. Páll, M. J. Abraham, C. Kutzner, B. Hess, E. Lindahl
Tackling Exascale Software Challenges in Molecular Dynamics Simulations with
GROMACS
In S. Markidis & E. Laure (Eds.), Solving Software Challenges for Exascale 8759 (2015) pp. 3-27
-------- -------- --- Thank You --- -------- --------


++++ PLEASE READ AND CITE THE FOLLOWING REFERENCE ++++
S. Pronk, S. Páll, R. Schulz, P. Larsson, P. Bjelkmar, R. Apostolov, M. R.
Shirts, J. C. Smith, P. M. Kasson, D. van der Spoel, B. Hess, and E. Lindahl
GROMACS 4.5: a high-throughput and highly parallel open source molecular
simulation toolkit
Bioinformatics 29 (2013) pp. 845-54
-------- -------- --- Thank You --- -------- --------


++++ PLEASE READ AND CITE THE FOLLOWING REFERENCE ++++
B. Hess and C. Kutzner and D. van der Spoel and E. Lindahl
GROMACS 4: Algorithms for highly efficient, load-balanced, and scalable
molecular simulation
J. Chem. Theory Comput. 4 (2008) pp. 435-447
-------- -------- --- Thank You --- -------- --------


++++ PLEASE READ AND CITE THE FOLLOWING REFERENCE ++++
D. van der Spoel, E. Lindahl, B. Hess, G. Groenhof, A. E. Mark and H. J. C.
Berendsen
GROMACS: Fast, Flexible and Free
J. Comp. Chem. 26 (2005) pp. 1701-1719
-------- -------- --- Thank You --- -------- --------


++++ PLEASE READ AND CITE THE FOLLOWING REFERENCE ++++
E. Lindahl and B. Hess and D. van der Spoel
GROMACS 3.0: A package for molecular simulation and trajectory analysis
J. Mol. Mod. 7 (2001) pp. 306-317
-------- -------- --- Thank You --- -------- --------


++++ PLEASE READ AND CITE THE FOLLOWING REFERENCE ++++
H. J. C. Berendsen, D. van der Spoel and R. van Drunen
GROMACS: A message-passing parallel molecular dynamics implementation
Comp. Phys. Comm. 91 (1995) pp. 43-56
-------- -------- --- Thank You --- -------- --------


++++ PLEASE CITE THE DOI FOR THIS VERSION OF GROMACS ++++
https://doi.org/10.5281/zenodo.8134397
-------- -------- --- Thank You --- -------- --------

Input Parameters:
   integrator                     = md
   tinit                          = 0
   dt                             = 0.002
   nsteps                         = 5000
   init-step                      = 0
   simulation-part                = 1
   mts                            = false
   comm-mode                      = Linear
   nstcomm                        = 100
   bd-fric                        = 0
   ld-seed                        = -1122263050
   emtol                          = 10
   emstep                         = 0.01
   niter                          = 20
   fcstep                         = 0
   nstcgsteep                     = 1000
   nbfgscorr                      = 10
   rtpi                           = 0.05
   nstxout                        = 0
   nstvout                        = 0
   nstfout                        = 0
   nstlog                         = 500
   nstcalcenergy                  = 100
   nstenergy                      = 500
   nstxout-compressed             = 500
   compressed-x-precision         = 1000
   cutoff-scheme                  = Verlet
   nstlist                        = 20
   pbc                            = xyz
   periodic-molecules             = false
   verlet-buffer-tolerance        = 0.005
   rlist                          = 1.22
   coulombtype                    = PME
   coulomb-modifier               = Potential-shift
   rcoulomb-switch                = 0
   rcoulomb                       = 1.2
   epsilon-r                      = 1
   epsilon-rf                     = inf
   vdw-type                       = Cut-off
   vdw-modifier                   = Force-switch
   rvdw-switch                    = 1
   rvdw                           = 1.2
   DispCorr                       = No
   table-extension                = 1
   fourierspacing                 = 0.16
   fourier-nx                     = 60
   fourier-ny                     = 48
   fourier-nz                     = 64
   pme-order                      = 4
   ewald-rtol                     = 1e-05
   ewald-rtol-lj                  = 0.001
   lj-pme-comb-rule               = Geometric
   ewald-geometry                 = 3d
   epsilon-surface                = 0
   ensemble-temperature-setting   = constant
   ensemble-temperature           = 300
   tcoupl                         = V-rescale
   nsttcouple                     = 10
   nh-chain-length                = 0
   print-nose-hoover-chain-variables = false
   pcoupl                         = No
   pcoupltype                     = Isotropic
   nstpcouple                     = -1
   tau-p                          = 1
   compressibility (3x3):
      compressibility[    0]={ 0.00000e+00,  0.00000e+00,  0.00000e+00}
      compressibility[    1]={ 0.00000e+00,  0.00000e+00,  0.00000e+00}
      compressibility[    2]={ 0.00000e+00,  0.00000e+00,  0.00000e+00}
   ref-p (3x3):
      ref-p[    0]={ 0.00000e+00,  0.00000e+00,  0.00000e+00}
      ref-p[    1]={ 0.00000e+00,  0.00000e+00,  0.00000e+00}
      ref-p[    2]={ 0.00000e+00,  0.00000e+00,  0.00000e+00}
   refcoord-scaling               = No
   posres-com (3):
      posres-com[0]= 0.00000e+00
      posres-com[1]= 0.00000e+00
      posres-com[2]= 0.00000e+00
   posres-comB (3):
      posres-comB[0]= 0.00000e+00
      posres-comB[1]= 0.00000e+00
      posres-comB[2]= 0.00000e+00
   QMMM                           = false
qm-opts:
   ngQM                           = 0
   constraint-algorithm           = Lincs
   continuation                   = false
   Shake-SOR                      = false
   shake-tol                      = 0.0001
   lincs-order                    = 4
   lincs-iter                     = 1
   lincs-warnangle                = 30
   nwall                          = 0
   wall-type                      = 9-3
   wall-r-linpot                  = -1
   wall-atomtype[0]               = -1
   wall-atomtype[1]               = -1
   wall-density[0]                = 0
   wall-density[1]                = 0
   wall-ewald-zfac                = 3
   pull                           = false
   awh                            = false
   rotation                       = false
   interactiveMD                  = false
   disre                          = No
   disre-weighting                = Conservative
   disre-mixed                    = false
   dr-fc                          = 1000
   dr-tau                         = 0
   nstdisreout                    = 100
   orire-fc                       = 0
   orire-tau                      = 0
   nstorireout                    = 100
   free-energy                    = no
   cos-acceleration               = 0
   deform (3x3):
      deform[    0]={ 0.00000e+00,  0.00000e+00,  0.00000e+00}
      deform[    1]={ 0.00000e+00,  0.00000e+00,  0.00000e+00}
      deform[    2]={ 0.00000e+00,  0.00000e+00,  0.00000e+00}
   simulated-tempering            = false
   swapcoords                     = no
   userint1                       = 0
   userint2                       = 0
   userint3                       = 0
   userint4                       = 0
   userreal1                      = 0
   userreal2                      = 0
   userreal3                      = 0
   userreal4                      = 0
   applied-forces:
     electric-field:
       x:
         E0                       = 0
         omega                    = 0
         t0                       = 0
         sigma                    = 0
       y:
         E0                       = 0
         omega                    = 0
         t0                       = 0
         sigma                    = 0
       z:
         E0                       = 0
         omega                    = 0
         t0                       = 0
         sigma                    = 0
     density-guided-simulation:
       active                     = false
       group                      = protein
       similarity-measure         = inner-product
       atom-spreading-weight      = unity
       force-constant             = 1e+09
       gaussian-transform-spreading-width = 0.2
       gaussian-transform-spreading-range-in-multiples-of-width = 4
       reference-density-filename = reference.mrc
       nst                        = 1
       normalize-densities        = true
       adaptive-force-scaling     = false
       adaptive-force-scaling-time-constant = 4
       shift-vector               = 
       transformation-matrix      = 
     qmmm-cp2k:
       active                     = false
       qmgroup                    = System
       qmmethod                   = PBE
       qmfilenames                = 
       qmcharge                   = 0
       qmmultiplicity             = 1
grpopts:
   nrdf:     17262.6      125997
   ref-t:         300         300
   tau-t:         0.1         0.1
annealing:          No          No
annealing-npoints:           0           0
   acc:	           0           0           0
   nfreeze:           N           N           N
   energygrp-flags[  0]: 0

Changing nstlist from 20 to 80, rlist from 1.22 to 1.315

Update groups can not be used for this system because atoms that are (in)directly constrained together are interdispersed with other atoms

Initializing Domain Decomposition on 1 ranks
Dynamic load balancing: auto
Minimum cell size due to atom displacement: 0.649 nm
Initial maximum distances in bonded interactions:
    two-body bonded interactions: 0.443 nm, LJ-14, atoms 1179 2280
  multi-body bonded interactions: 0.515 nm, CMAP Dih., atoms 1658 1674
Minimum cell size due to bonded interactions: 0.566 nm
Maximum distance for 5 constraints, at 120 deg. angles, all-trans: 0.222 nm
Estimated maximum distance required for P-LINCS: 0.222 nm
Using 0 separate PME ranks because: there are too few total ranks for efficient splitting
Optimizing the DD grid for 1 cells with a minimum initial size of 0.649 nm
The maximum allowed number of cells is: X 14 Y 11 Z 15
Domain decomposition grid 1 x 1 x 1, separate PME ranks 0
PME domain decomposition: 1 x 1 x 1

The initial number of communication pulses is:
The initial domain decomposition cell size is:

The maximum allowed distance for atoms involved in interactions is:
                 non-bonded interactions           1.315 nm
            two-body bonded interactions  (-rdd)   1.315 nm
          multi-body bonded interactions  (-rdd)   1.315 nm
  atoms separated by up to 5 constraints  (-rcon)  7.566 nm

When dynamic load balancing gets turned on, these settings will change to:
The maximum number of communication pulses is:
The minimum size for domain decomposition cells is 1.315 nm
The requested allowed shrink of DD cells (option -dds) is: 0.80
The allowed shrink of domain decomposition cells is:
The maximum allowed distance for atoms involved in interactions is:
                 non-bonded interactions           1.315 nm
            two-body bonded interactions  (-rdd)   1.315 nm
          multi-body bonded interactions  (-rdd)   1.315 nm
  atoms separated by up to 5 constraints  (-rcon)  1.315 nm

Using 1 MPI thread
Using 8 OpenMP threads 

System total charge: 0.000
Will do PME sum in reciprocal space for electrostatic interactions.

++++ PLEASE READ AND CITE THE FOLLOWING REFERENCE ++++
U. Essmann, L. Perera, M. L. Berkowitz, T. Darden, H. Lee and L. G. Pedersen 
A smooth particle mesh Ewald method
J. Chem. Phys. 103 (1995) pp. 8577-8592
-------- -------- --- Thank You --- -------- --------

Using a Gaussian width (1/beta) of 0.384195 nm for Ewald
Potential shift: LJ r^-12: -2.648e-01 r^-6: -5.349e-01, Ewald -8.333e-06
Initialized non-bonded Coulomb Ewald tables, spacing: 1.02e-03 size: 1176

Generated table with 1157 data points for 1-4 COUL.
Tabscale = 500 points/nm
Generated table with 1157 data points for 1-4 LJ6.
Tabscale = 500 points/nm
Generated table with 1157 data points for 1-4 LJ12.
Tabscale = 500 points/nm


Using plain C 4x4 nonbonded short-range kernels

WARNING: Using the slow plain C kernels. This should
not happen during routine usage on common platforms.

Using a dual 4x4 pair-list setup updated with dynamic pruning:
  outer list: updated every 80 steps, buffer 0.115 nm, rlist 1.315 nm
  inner list: updated every 14 steps, buffer 0.003 nm, rlist 1.203 nm
At tolerance 0.005 kJ/mol/ps per atom, equivalent classical 1x1 list would be:
  outer list: updated every 80 steps, buffer 0.260 nm, rlist 1.460 nm
  inner list: updated every 14 steps, buffer 0.056 nm, rlist 1.256 nm
Removing pbc first time

Linking all bonded interactions to atoms


Pinning threads with an auto-selected logical cpu stride of 1

Initializing Parallel LINear Constraint Solver

++++ PLEASE READ AND CITE THE FOLLOWING REFERENCE ++++
B. Hess
P-LINCS: A Parallel Linear Constraint Solver for molecular simulation
J. Chem. Theory Comput. 4 (2008) pp. 116-122
-------- -------- --- Thank You --- -------- --------

The number of constraints is 3521
There are constraints between atoms in different decomposition domains,
will communicate selected coordinates each lincs iteration

++++ PLEASE READ AND CITE THE FOLLOWING REFERENCE ++++
S. Miyamoto and P. A. Kollman
SETTLE: An Analytical Version of the SHAKE and RATTLE Algorithms for Rigid
Water Models
J. Comp. Chem. 13 (1992) pp. 952-962
-------- -------- --- Thank You --- -------- --------


++++ PLEASE READ AND CITE THE FOLLOWING REFERENCE ++++
G. Bussi, D. Donadio and M. Parrinello
Canonical sampling through velocity rescaling
J. Chem. Phys. 126 (2007) pp. 014101
-------- -------- --- Thank You --- -------- --------

There are: 69875 Atoms
Atom distribution over 1 domains: av 69875 stddev 0 min 69875 max 69875

Constraining the starting coordinates (step 0)

Constraining the coordinates at t0-dt (step 0)
Center of mass motion removal mode is Linear
We have the following groups for center of mass motion removal:
  0:  rest
RMS relative constraint deviation after constraining: 2.88e-06
Initial temperature: 300.827 K

Started mdrun on rank 0 Sat Aug 26 05:49:36 2023

           Step           Time
              0        0.00000

   Energies (kJ/mol)
           Bond          Angle            U-B    Proper Dih.  Improper Dih.
    1.69970e+03    6.16919e+01    5.22616e+03    7.29638e+03    2.39537e+02
      CMAP Dih.          LJ-14     Coulomb-14        LJ (SR)   Coulomb (SR)
   -2.31536e+03    5.32425e+03    6.27959e+04    1.33309e+05   -1.29880e+06
   Coul. recip. Position Rest.      Potential    Kinetic En.   Total Energy
    4.98861e+03    7.48126e-03   -1.08018e+06    1.79175e+05   -9.01002e+05
  Conserved En.    Temperature Pressure (bar)   Constr. rmsd
   -9.01002e+05    3.00849e+02   -4.00960e+03    2.90703e-06

           Step           Time
            500        1.00000

   Energies (kJ/mol)
           Bond          Angle            U-B    Proper Dih.  Improper Dih.
    5.86336e+03    1.57799e+02    1.52463e+04    9.22189e+03    9.03289e+02
      CMAP Dih.          LJ-14     Coulomb-14        LJ (SR)   Coulomb (SR)
   -2.05239e+03    5.73942e+03    6.26101e+04    1.18306e+05   -1.12771e+06
   Coul. recip. Position Rest.      Potential    Kinetic En.   Total Energy
    3.79315e+03    1.78092e+03   -9.06144e+05    1.76860e+05   -7.29284e+05
  Conserved En.    Temperature Pressure (bar)   Constr. rmsd
   -8.99095e+05    2.96962e+02   -6.22947e+02    3.17148e-06

           Step           Time
           1000        2.00000

   Energies (kJ/mol)
           Bond          Angle            U-B    Proper Dih.  Improper Dih.
    5.46975e+03    1.22024e+02    1.54964e+04    9.40797e+03    9.02974e+02
      CMAP Dih.          LJ-14     Coulomb-14        LJ (SR)   Coulomb (SR)
   -2.01846e+03    5.85999e+03    6.25837e+04    1.16333e+05   -1.12238e+06
   Coul. recip. Position Rest.      Potential    Kinetic En.   Total Energy
    3.81940e+03    1.68087e+03   -9.02726e+05    1.79866e+05   -7.22860e+05
  Conserved En.    Temperature Pressure (bar)   Constr. rmsd
   -8.99061e+05    3.02009e+02   -5.34029e+02    3.24065e-06

           Step           Time
           1500        3.00000

   Energies (kJ/mol)
           Bond          Angle            U-B    Proper Dih.  Improper Dih.
    5.41024e+03    1.31044e+02    1.56776e+04    9.25240e+03    9.01181e+02
      CMAP Dih.          LJ-14     Coulomb-14        LJ (SR)   Coulomb (SR)
   -2.01028e+03    5.77283e+03    6.24436e+04    1.16052e+05   -1.12388e+06
   Coul. recip. Position Rest.      Potential    Kinetic En.   Total Energy
    3.77738e+03    1.65415e+03   -9.04818e+05    1.77583e+05   -7.27235e+05
  Conserved En.    Temperature Pressure (bar)   Constr. rmsd
   -8.99030e+05    2.98175e+02   -5.24886e+02    3.11989e-06

           Step           Time
           2000        4.00000

   Energies (kJ/mol)
           Bond          Angle            U-B    Proper Dih.  Improper Dih.
    5.78960e+03    1.42096e+02    1.55576e+04    9.33306e+03    8.85963e+02
      CMAP Dih.          LJ-14     Coulomb-14        LJ (SR)   Coulomb (SR)
   -2.02930e+03    5.77400e+03    6.23670e+04    1.14886e+05   -1.12198e+06
   Coul. recip. Position Rest.      Potential    Kinetic En.   Total Energy
    3.72387e+03    1.60451e+03   -9.03945e+05    1.77582e+05   -7.26363e+05
  Conserved En.    Temperature Pressure (bar)   Constr. rmsd
   -8.99005e+05    2.98174e+02   -7.35020e+02    3.10171e-06

           Step           Time
           2500        5.00000

   Energies (kJ/mol)
           Bond          Angle            U-B    Proper Dih.  Improper Dih.
    5.52543e+03    1.38368e+02    1.55465e+04    9.15549e+03    8.74254e+02
      CMAP Dih.          LJ-14     Coulomb-14        LJ (SR)   Coulomb (SR)
   -1.95843e+03    5.83478e+03    6.26947e+04    1.16175e+05   -1.12456e+06
   Coul. recip. Position Rest.      Potential    Kinetic En.   Total Energy
    3.74262e+03    1.67134e+03   -9.05163e+05    1.80196e+05   -7.24966e+05
  Conserved En.    Temperature Pressure (bar)   Constr. rmsd
   -8.99007e+05    3.02564e+02   -2.50545e+02    3.40451e-06

           Step           Time
           3000        6.00000

   Energies (kJ/mol)
           Bond          Angle            U-B    Proper Dih.  Improper Dih.
    5.44434e+03    1.23579e+02    1.58095e+04    9.33396e+03    8.80491e+02
      CMAP Dih.          LJ-14     Coulomb-14        LJ (SR)   Coulomb (SR)
   -2.02251e+03    5.80276e+03    6.30832e+04    1.17627e+05   -1.12391e+06
   Coul. recip. Position Rest.      Potential    Kinetic En.   Total Energy
    3.68132e+03    1.72021e+03   -9.02424e+05    1.78796e+05   -7.23628e+05
  Conserved En.    Temperature Pressure (bar)   Constr. rmsd
   -8.98954e+05    3.00213e+02   -1.50701e+02    3.07009e-06

           Step           Time
           3500        7.00000

   Energies (kJ/mol)
           Bond          Angle            U-B    Proper Dih.  Improper Dih.
    5.55585e+03    1.53318e+02    1.56773e+04    9.15753e+03    8.22764e+02
      CMAP Dih.          LJ-14     Coulomb-14        LJ (SR)   Coulomb (SR)
   -2.08401e+03    5.76903e+03    6.27144e+04    1.14124e+05   -1.12069e+06
   Coul. recip. Position Rest.      Potential    Kinetic En.   Total Energy
    3.75389e+03    1.73491e+03   -9.03309e+05    1.77568e+05   -7.25742e+05
  Conserved En.    Temperature Pressure (bar)   Constr. rmsd
   -8.98964e+05    2.98150e+02   -4.07699e+02    3.04265e-06

           Step           Time
           4000        8.00000

   Energies (kJ/mol)
           Bond          Angle            U-B    Proper Dih.  Improper Dih.
    5.53121e+03    1.23174e+02    1.56539e+04    9.13700e+03    8.24857e+02
      CMAP Dih.          LJ-14     Coulomb-14        LJ (SR)   Coulomb (SR)
   -2.03657e+03    5.92219e+03    6.32343e+04    1.13717e+05   -1.12071e+06
   Coul. recip. Position Rest.      Potential    Kinetic En.   Total Energy
    3.72410e+03    1.65099e+03   -9.03226e+05    1.79707e+05   -7.23519e+05
  Conserved En.    Temperature Pressure (bar)   Constr. rmsd
   -8.98957e+05    3.01743e+02   -3.48981e+02    3.06405e-06

           Step           Time
           4500        9.00000

   Energies (kJ/mol)
           Bond          Angle            U-B    Proper Dih.  Improper Dih.
    5.66819e+03    1.15857e+02    1.56275e+04    9.09499e+03    9.04131e+02
      CMAP Dih.          LJ-14     Coulomb-14        LJ (SR)   Coulomb (SR)
   -2.06745e+03    5.84468e+03    6.27618e+04    1.16239e+05   -1.12535e+06
   Coul. recip. Position Rest.      Potential    Kinetic En.   Total Energy
    3.59021e+03    1.75861e+03   -9.05810e+05    1.79120e+05   -7.26689e+05
  Conserved En.    Temperature Pressure (bar)   Constr. rmsd
   -8.98924e+05    3.00757e+02   -3.48760e+02    3.07389e-06

           Step           Time
           5000       10.00000

Writing checkpoint, step 5000 at Sat Aug 26 06:04:11 2023


   Energies (kJ/mol)
           Bond          Angle            U-B    Proper Dih.  Improper Dih.
    5.70669e+03    1.33486e+02    1.59086e+04    9.22611e+03    9.13027e+02
      CMAP Dih.          LJ-14     Coulomb-14        LJ (SR)   Coulomb (SR)
   -2.10057e+03    5.85529e+03    6.28452e+04    1.14197e+05   -1.11964e+06
   Coul. recip. Position Rest.      Potential    Kinetic En.   Total Energy
    3.83252e+03    1.71029e+03   -9.01414e+05    1.77770e+05   -7.23645e+05
  Conserved En.    Temperature Pressure (bar)   Constr. rmsd
   -8.98872e+05    2.98489e+02   -4.80158e+02    3.14300e-06


Energy conservation over simulation part #1 of length 10 ps, time 0 to 10 ps
  Conserved energy drift: 3.05e-03 kJ/mol/ps per atom


	<======  ###############  ==>
	<====  A V E R A G E S  ====>
	<==  ###############  ======>

	Statistics over 5001 steps using 51 frames

   Energies (kJ/mol)
           Bond          Angle            U-B    Proper Dih.  Improper Dih.
    5.51537e+03    1.37816e+02    1.53280e+04    9.17747e+03    8.81072e+02
      CMAP Dih.          LJ-14     Coulomb-14        LJ (SR)   Coulomb (SR)
   -2.04908e+03    5.80863e+03    6.27393e+04    1.16643e+05   -1.12849e+06
   Coul. recip. Position Rest.      Potential    Kinetic En.   Total Energy
    3.76105e+03    1.67925e+03   -9.08869e+05    1.77565e+05   -7.31304e+05
  Conserved En.    Temperature Pressure (bar)   Constr. rmsd
   -8.99026e+05    2.98146e+02   -5.43195e+02    0.00000e+00

   Total Virial (kJ/mol)
    7.13736e+04   -5.10409e+02    2.99901e+02
   -5.10899e+02    7.16318e+04   -1.44844e+02
    3.00104e+02   -1.44555e+02    7.01617e+04

   Pressure (bar)
   -5.51281e+02    2.51003e+01   -1.35669e+01
    2.51227e+01   -5.65127e+02    7.53771e+00
   -1.35763e+01    7.52450e+00   -5.13178e+02

  T-Protein_LIGT-Water_and_ions
    2.98997e+02    2.98029e+02


	M E G A - F L O P S   A C C O U N T I N G

 NB=Group-cutoff nonbonded kernels    NxN=N-by-N cluster Verlet kernels
 RF=Reaction-Field  VdW=Van der Waals  QSTab=quadratic-spline table
 W3=SPC/TIP3p  W4=TIP4p (single or pairs)
 V&F=Potential and force  V=Potential only  F=Force only

 Computing:                               M-Number         M-Flops  % Flops
-----------------------------------------------------------------------------
 Pair Search distance check            2213.692136       19923.229     0.2
 NxN QSTab Elec. + LJ [F]            143826.258008     7622791.674    62.2
 NxN QSTab Elec. + LJ [V&F]            1481.840880      120029.111     1.0
 NxN LJ [F]                               6.777536         304.989     0.0
 NxN LJ [V&F]                             0.063456           4.125     0.0
 NxN QSTab Elec. [F]                 114147.758792     3881023.799    31.7
 NxN QSTab Elec. [V&F]                 1175.965808       48214.598     0.4
 1,4 nonbonded interactions              91.398276        8225.845     0.1
 Calc Weights                          1048.334625       37740.046     0.3
 Spread Q Bspline                     22364.472000       44728.944     0.4
 Gather F Bspline                     22364.472000      134186.832     1.1
 3D-FFT                               32247.428196      257979.426     2.1
 Solve PME                               14.402880         921.784     0.0
 Reset In Box                             4.402125          13.206     0.0
 CG-CoM                                   4.472000          13.416     0.0
 Bonds                                   17.423484        1027.986     0.0
 Angles                                   0.585117          98.300     0.0
 Propers                                 78.150627       17896.494     0.1
 Impropers                                5.331066        1108.862     0.0
 Pos. Restr.                             17.038407         851.920     0.0
 Virial                                   3.565920          64.187     0.0
 Stop-CM                                  3.633500          36.335     0.0
 Calc-Ekin                               70.014750        1890.398     0.0
 Lincs                                   17.615563        1056.934     0.0
 Lincs-Mat                               97.498464         389.994     0.0
 Constraint-V                           349.554766        3145.993     0.0
 Constraint-Vir                           3.384462          81.227     0.0
 Settle                                 104.797841       38775.201     0.3
 CMAP                                     2.105421        3579.216     0.0
 Urey-Bradley                            62.847567       11501.105     0.1
-----------------------------------------------------------------------------
 Total                                                12257605.175   100.0
-----------------------------------------------------------------------------


    D O M A I N   D E C O M P O S I T I O N   S T A T I S T I C S

 av. #atoms communicated per step for force:  2 x 0.0
 av. #atoms communicated per step for LINCS:  2 x 0.0


      R E A L   C Y C L E   A N D   T I M E   A C C O U N T I N G

On 1 MPI rank, each using 8 OpenMP threads

 Activity:              Num   Num      Call    Wall time         Giga-Cycles
                        Ranks Threads  Count      (s)         total sum    %
--------------------------------------------------------------------------------
 Domain decomp.            1    8         63       0.408          9.156   0.0
 Neighbor search           1    8         63       2.540         57.047   0.3
 Force                     1    8       5001     848.264      19055.092  96.9
 PME mesh                  1    8       5001      15.999        359.404   1.8
 NB X/F buffer ops.        1    8       9939       2.263         50.825   0.3
 Write traj.               1    8         11       0.348          7.824   0.0
 Update                    1    8       5001       1.398         31.397   0.2
 Constraints               1    8       5003       3.572         80.244   0.4
 Rest                                              0.229          5.150   0.0
--------------------------------------------------------------------------------
 Total                                           875.020      19656.139 100.0
--------------------------------------------------------------------------------
 Breakdown of PME mesh activities
--------------------------------------------------------------------------------
 PME spread                1    8       5001       7.905        177.578   0.9
 PME gather                1    8       5001       5.096        114.482   0.6
 PME 3D-FFT                1    8      10002       2.313         51.950   0.3
 PME solve Elec            1    8       5001       0.652         14.646   0.1
--------------------------------------------------------------------------------

               Core t (s)   Wall t (s)        (%)
       Time:     7000.159      875.020      800.0
                 (ns/day)    (hour/ns)
Performance:        0.988       24.301
Finished mdrun on rank 0 Sat Aug 26 06:04:11 2023

